\BOOKMARK [1][-]{section.1}{\376\377\000L\000a\000\040\000c\000o\000n\000c\000e\000p\000t\000u\000a\000l\000i\000s\000a\000t\000i\000o\000n}{}% 1
\BOOKMARK [2][-]{subsection.1.1}{\376\377\000C\000a\000r\000a\000c\000t\000\351\000r\000i\000s\000t\000i\000q\000u\000e\000s}{section.1}% 2
\BOOKMARK [2][-]{subsection.1.2}{\376\377\000C\000o\000m\000p\000o\000s\000a\000n\000t\000e\000s}{section.1}% 3
\BOOKMARK [1][-]{section.2}{\376\377\000N\000i\000v\000e\000a\000u\000\040\000d\000e\000\040\000f\000o\000r\000m\000u\000l\000a\000t\000i\000o\000n\000\040\000d\000'\000u\000n\000\040\000c\000o\000n\000c\000e\000p\000t}{}% 4
\BOOKMARK [2][-]{subsection.2.1}{\376\377\000L\000e\000\040\000n\000i\000v\000e\000a\000u\000\040\000c\000o\000n\000c\000r\000e\000t\000\040\000o\000u\000\040\000i\000n\000t\000u\000i\000t\000i\000f}{section.2}% 5
\BOOKMARK [2][-]{subsection.2.2}{\376\377\000L\000e\000\040\000n\000i\000v\000e\000a\000u\000\040\000i\000n\000t\000e\000r\000m\000\351\000d\000i\000a\000i\000r\000e\000\040\000o\000u\000\040\000c\000o\000n\000c\000e\000p\000t\000u\000e\000l}{section.2}% 6
\BOOKMARK [2][-]{subsection.2.3}{\376\377\000L\000e\000\040\000n\000i\000v\000e\000a\000u\000\040\000a\000b\000s\000t\000r\000a\000i\000t\000\040\000o\000u\000\040\000f\000o\000r\000m\000a\000l\000i\000s\000\351}{section.2}% 7
\BOOKMARK [1][-]{section.3}{\376\377\000L\000a\000\040\000c\000o\000n\000s\000t\000r\000u\000c\000t\000i\000o\000n\000\040\000d\000e\000s\000\040\000c\000o\000n\000c\000e\000p\000t\000s\000\040\000s\000c\000i\000e\000n\000t\000i\000f\000i\000q\000u\000e\000s}{}% 8
\BOOKMARK [2][-]{subsection.3.1}{\376\377\000L\000e\000s\000\040\000\351\000t\000a\000p\000e\000s\000\040\000d\000e\000\040\000l\000a\000\040\000c\000o\000n\000s\000t\000r\000u\000c\000t\000i\000o\000n\000\040\000d\000e\000s\000\040\000c\000o\000n\000c\000e\000p\000t\000s\000\040\000s\000c\000i\000e\000n\000t\000i\000f\000i\000q\000u\000e\000s}{section.3}% 9
\BOOKMARK [2][-]{subsection.3.2}{\376\377\000L\000e\000s\000\040\000n\000i\000v\000e\000a\000u\000x\000\040\000d\000e\000\040\000c\000o\000n\000s\000t\000r\000u\000c\000t\000i\000o\000n\000\040\000d\000e\000s\000\040\000c\000o\000n\000c\000e\000p\000t\000s}{section.3}% 10
\BOOKMARK [2][-]{subsection.3.3}{\376\377\000L\000e\000\040\000r\000\364\000l\000e\000\040\000d\000e\000\040\000l\000'\000e\000n\000s\000e\000i\000g\000n\000a\000n\000t}{section.3}% 11
\BOOKMARK [2][-]{subsection.3.4}{\376\377\000L\000e\000\040\000r\000\364\000l\000e\000\040\000d\000e\000\040\000l\000'\000a\000p\000p\000r\000e\000n\000a\000n\000t}{section.3}% 12
\BOOKMARK [2][-]{subsection.3.5}{\376\377\000L\000'\000u\000t\000i\000l\000i\000t\000\351\000\040\000d\000e\000\040\000l\000a\000\040\000c\000o\000n\000s\000t\000r\000u\000c\000t\000i\000o\000n\000\040\000d\000e\000s\000\040\000c\000o\000n\000c\000e\000p\000t\000s\000\040\000s\000c\000i\000e\000n\000t\000i\000f\000i\000q\000u\000e\000s}{section.3}% 13
\BOOKMARK [1][-]{section.4}{\376\377\000L\000a\000\040\000t\000r\000a\000m\000e\000\040\000c\000o\000n\000c\000e\000p\000t\000u\000e\000l\000l\000e}{}% 14
\BOOKMARK [2][-]{subsection.4.1}{\376\377\000D\000\351\000f\000i\000n\000i\000t\000i\000o\000n}{section.4}% 15
\BOOKMARK [2][-]{subsection.4.2}{\376\377\000R\000\364\000l\000e\000\040\000d\000i\000d\000a\000c\000t\000i\000q\000u\000e}{section.4}% 16
\BOOKMARK [2][-]{subsection.4.3}{\376\377\000I\000n\000t\000\351\000r\000\352\000t\000\040\000p\000\351\000d\000a\000g\000o\000g\000i\000q\000u\000e}{section.4}% 17
\BOOKMARK [1][-]{section.5}{\376\377\000L\000a\000\040\000c\000a\000r\000t\000e\000\040\000c\000o\000n\000c\000e\000p\000t\000u\000e\000l\000l\000e}{}% 18
\BOOKMARK [2][-]{subsection.5.1}{\376\377\000D\000\351\000f\000i\000n\000i\000t\000i\000o\000n}{section.5}% 19
\BOOKMARK [2][-]{subsection.5.2}{\376\377\000F\000o\000n\000c\000t\000i\000o\000n\000s\000\040\000d\000i\000d\000a\000c\000t\000i\000q\000u\000e\000s}{section.5}% 20
\BOOKMARK [2][-]{subsection.5.3}{\376\377\000A\000p\000p\000o\000r\000t\000\040\000p\000\351\000d\000a\000g\000o\000g\000i\000q\000u\000e}{section.5}% 21
\BOOKMARK [1][-]{section.6}{\376\377\000L\000e\000s\000\040\000c\000h\000a\000m\000p\000s\000\040\000c\000o\000n\000c\000e\000p\000t\000u\000e\000l\000s}{}% 22
\BOOKMARK [2][-]{subsection.6.1}{\376\377\000D\000\351\000f\000i\000n\000i\000t\000i\000o\000n}{section.6}% 23
\BOOKMARK [2][-]{subsection.6.2}{\376\377\000R\000\364\000l\000e\000\040\000d\000i\000d\000a\000c\000t\000i\000q\000u\000e}{section.6}% 24
\BOOKMARK [2][-]{subsection.6.3}{\376\377\000I\000n\000t\000\351\000r\000\352\000t\000\040\000p\000\351\000d\000a\000g\000o\000g\000i\000q\000u\000e}{section.6}% 25
\BOOKMARK [1][-]{section.7}{\376\377\000L\000e\000\040\000r\000\351\000s\000e\000a\000u\000\040\000c\000o\000n\000c\000e\000p\000t\000u\000e\000l}{}% 26
\BOOKMARK [2][-]{subsection.7.1}{\376\377\000D\000\351\000f\000i\000n\000i\000t\000i\000o\000n}{section.7}% 27
\BOOKMARK [2][-]{subsection.7.2}{\376\377\000F\000o\000n\000c\000t\000i\000o\000n\000\040\000d\000i\000d\000a\000c\000t\000i\000q\000u\000e}{section.7}% 28
\BOOKMARK [2][-]{subsection.7.3}{\376\377\000A\000p\000p\000o\000r\000t\000\040\000p\000\351\000d\000a\000g\000o\000g\000i\000q\000u\000e}{section.7}% 29
